\BOOKMARK [0][-]{chapter*.5}{\376\377\000A\000b\000b\000i\000l\000d\000u\000n\000g\000s\000v\000e\000r\000z\000e\000i\000c\000h\000n\000i\000s}{}% 1
\BOOKMARK [0][-]{chapter*.6}{\376\377\000T\000a\000b\000e\000l\000l\000e\000n\000v\000e\000r\000z\000e\000i\000c\000h\000n\000i\000s}{}% 2
\BOOKMARK [0][-]{chapter*.7}{\376\377\000L\000i\000s\000t\000i\000n\000g\000s}{}% 3
\BOOKMARK [0][-]{chapter*.8}{\376\377\000A\000b\000k\000\374\000r\000z\000u\000n\000g\000s\000v\000e\000r\000z\000e\000i\000c\000h\000n\000i\000s}{}% 4
\BOOKMARK [0][-]{chapter.10}{\376\377\000E\000i\000n\000l\000e\000i\000t\000u\000n\000g}{}% 5
\BOOKMARK [1][-]{section.11}{\376\377\000A\000u\000f\000b\000a\000u\000\040\000d\000e\000r\000\040\000A\000r\000b\000e\000i\000t}{chapter.10}% 6
\BOOKMARK [1][-]{section.14}{\376\377\000Z\000i\000e\000l\000\040\000d\000e\000r\000\040\000A\000r\000b\000e\000i\000t}{chapter.10}% 7
\BOOKMARK [0][-]{chapter.15}{\376\377\000G\000r\000u\000n\000d\000l\000a\000g\000e\000n}{}% 8
\BOOKMARK [1][-]{section.16}{\376\377\000B\000P\000M\000N}{chapter.15}% 9
\BOOKMARK [2][-]{subsection.17}{\376\377\000E\000r\000s\000t\000e\000\040\000S\000c\000h\000r\000i\000t\000t\000e\000\040\000-\000\040\000E\000v\000e\000n\000t\000s\000\040\000u\000n\000d\000\040\000A\000k\000t\000i\000v\000i\000t\000\344\000t\000e\000n}{section.16}% 10
\BOOKMARK [2][-]{subsection.21}{\376\377\000M\000\366\000g\000l\000i\000c\000h\000e\000\040\000V\000e\000r\000z\000w\000e\000i\000g\000u\000n\000g\000e\000n}{section.16}% 11
\BOOKMARK [1][-]{section.26}{\376\377\000P\000r\000o\000z\000e\000s\000s\000a\000l\000g\000e\000b\000r\000a\000\040\000-\000\040\000A\000C\000P}{chapter.15}% 12
\BOOKMARK [1][-]{section.27}{\376\377\000D\000a\000t\000e\000n\000b\000a\000n\000k\000e\000n}{chapter.15}% 13
\BOOKMARK [0][-]{chapter.28}{\376\377\000M\000a\000p\000p\000i\000n\000g}{}% 14
\BOOKMARK [1][-]{section.29}{\376\377\000P\000a\000r\000a\000l\000l\000e\000l\000e\000n\000\040\000u\000n\000d\000\040\000U\000n\000t\000e\000r\000s\000c\000h\000i\000e\000d\000e}{chapter.28}% 15
\BOOKMARK [1][-]{section.30}{\376\377\000A\000u\000f\000s\000p\000a\000l\000t\000u\000n\000g\000\040\000i\000n\000\040\000S\000u\000b\000p\000r\000o\000z\000e\000s\000s\000e}{chapter.28}% 16
\BOOKMARK [0][-]{chapter.31}{\376\377\000I\000m\000p\000l\000e\000m\000e\000n\000t\000i\000e\000r\000u\000n\000g}{}% 17
\BOOKMARK [1][-]{section.32}{\376\377\000.\000B\000P\000M\000N\000-\000D\000a\000t\000e\000i\000e\000n}{chapter.31}% 18
\BOOKMARK [1][-]{section.33}{\376\377\000C\000a\000m\000u\000n\000d\000a\000\040\000M\000o\000d\000e\000l\000\040\000A\000P\000I}{chapter.31}% 19
\BOOKMARK [1][-]{section.34}{\376\377\000I\000m\000p\000l\000e\000m\000e\000n\000t\000i\000e\000r\000u\000n\000g}{chapter.31}% 20
\BOOKMARK [2][-]{subsection.35}{\376\377\000G\000e\000n\000e\000r\000e\000l\000l\000e\000s}{section.34}% 21
\BOOKMARK [2][-]{subsection.36}{\376\377\000E\000r\000s\000t\000e\000\040\000S\000c\000h\000r\000i\000t\000t\000e}{section.34}% 22
\BOOKMARK [2][-]{subsection.37}{\376\377\000B\000i\000s\000\040\000z\000u\000m\000\040\000n\000\344\000c\000h\000s\000t\000e\000n\000\040\000G\000a\000t\000e\000w\000a\000y}{section.34}% 23
\BOOKMARK [2][-]{subsection.38}{\376\377\000E\000x\000c\000l\000u\000s\000i\000v\000e\000\040\000G\000a\000t\000e\000w\000a\000y\000s}{section.34}% 24
\BOOKMARK [3][-]{section*.39}{\376\377\000A\000u\000f\000s\000p\000a\000l\000t\000e\000n\000d\000e\000\040\000E\000x\000c\000l\000u\000s\000i\000v\000e\000\040\000G\000a\000t\000e\000w\000a\000y\000s}{subsection.38}% 25
\BOOKMARK [3][-]{section*.40}{\376\377\000Z\000u\000s\000a\000m\000m\000e\000n\000f\000\374\000h\000r\000e\000n\000d\000e\000\040\000E\000x\000c\000l\000u\000s\000i\000v\000e\000\040\000G\000a\000t\000e\000w\000a\000y\000s}{subsection.38}% 26
\BOOKMARK [2][-]{subsection.41}{\376\377\000P\000a\000r\000a\000l\000l\000e\000l\000e\000\040\000G\000a\000t\000e\000w\000a\000y\000s}{section.34}% 27
\BOOKMARK [3][-]{section*.42}{\376\377\000G\000e\000n\000e\000r\000e\000l\000l\000e\000\040\000I\000d\000e\000e}{subsection.41}% 28
\BOOKMARK [3][-]{section*.43}{\376\377\000A\000u\000f\000s\000p\000a\000l\000t\000e\000n\000d\000e\000\040\000P\000a\000r\000a\000l\000l\000e\000l\000e\000\040\000G\000a\000t\000e\000w\000a\000y\000s}{subsection.41}% 29
\BOOKMARK [3][-]{section*.44}{\376\377\000Z\000u\000s\000a\000m\000m\000e\000n\000f\000\374\000h\000r\000e\000n\000d\000e\000\040\000P\000a\000r\000a\000l\000l\000e\000l\000e\000\040\000G\000a\000t\000e\000w\000a\000y\000s}{subsection.41}% 30
\BOOKMARK [2][-]{subsection.45}{\376\377\000A\000u\000s\000g\000a\000b\000e\000\040\000u\000n\000d\000\040\000B\000e\000o\000b\000a\000c\000h\000t\000u\000n\000g}{section.34}% 31
